<?xml version="1.0" encoding="UTF-8"?>
<!-- Generated by org.testng.reporters.JUnitXMLReporter -->
<testsuite ignored="0" hostname="DESKTOP-HQCGQA1" failures="3" tests="3" name="Surefire test" time="39.959" errors="0" timestamp="2023-07-03T11:00:01 CEST">
  <testcase classname="com.qacart.todo.testcases.LoginTest" name="ShouldBeAbleToLoginWithEmailAndPassword" time="0.563">
    <failure type="java.lang.RuntimeException" message="Environement is not supported">
      <![CDATA[java.lang.RuntimeException: Environement is not supported
at utils.ConfigUtils.<init>(ConfigUtils.java:21)
at utils.ConfigUtils.getInstance(ConfigUtils.java:31)
at pages.LoginPage.load(LoginPage.java:46)
at com.qacart.todo.testcases.LoginTest.ShouldBeAbleToLoginWithEmailAndPassword(LoginTest.java:27)
at java.base/java.util.ArrayList.forEach(ArrayList.java:1511)
... Removed 32 stack frames]]>
    </failure>
  </testcase> <!-- ShouldBeAbleToLoginWithEmailAndPassword -->
  <testcase classname="com.qacart.todo.testcases.TodoTest" name="ShouldBeAbleToAddNewTodo" time="0.007">
    <failure type="java.lang.RuntimeException" message="Environement is not supported">
      <![CDATA[java.lang.RuntimeException: Environement is not supported
at utils.ConfigUtils.<init>(ConfigUtils.java:21)
at utils.ConfigUtils.getInstance(ConfigUtils.java:31)
at pages.LoginPage.load(LoginPage.java:46)
at com.qacart.todo.testcases.TodoTest.ShouldBeAbleToAddNewTodo(TodoTest.java:27)
at java.base/java.util.ArrayList.forEach(ArrayList.java:1511)
... Removed 32 stack frames]]>
    </failure>
  </testcase> <!-- ShouldBeAbleToAddNewTodo -->
  <testcase classname="com.qacart.todo.testcases.TodoTest" name="ShouldBeAbleToDeleteTodo" time="0.004">
    <failure type="java.lang.RuntimeException" message="Environement is not supported">
      <![CDATA[java.lang.RuntimeException: Environement is not supported
at utils.ConfigUtils.<init>(ConfigUtils.java:21)
at utils.ConfigUtils.getInstance(ConfigUtils.java:31)
at pages.LoginPage.load(LoginPage.java:46)
at com.qacart.todo.testcases.TodoTest.ShouldBeAbleToDeleteTodo(TodoTest.java:41)
at java.base/java.util.ArrayList.forEach(ArrayList.java:1511)
... Removed 32 stack frames]]>
    </failure>
  </testcase> <!-- ShouldBeAbleToDeleteTodo -->
</testsuite> <!-- Surefire test -->
