<?xml version="1.0" encoding="UTF-8"?>
<testng-results ignored="1" total="2" passed="0" failed="1" skipped="0">
  <reporter-output>
  </reporter-output>
  <suite started-at="2023-07-03T10:46:26 CEST" name="Default suite" finished-at="2023-07-03T10:46:37 CEST" duration-ms="10178">
    <groups>
    </groups>
    <test started-at="2023-07-03T10:46:26 CEST" name="Default test" finished-at="2023-07-03T10:46:37 CEST" duration-ms="10178">
      <class name="com.qacart.todo.testcases.TodoTest">
        <test-method is-config="true" signature="setup()[pri:0, instance:com.qacart.todo.testcases.TodoTest@6239aba6]" started-at="2023-07-03T10:46:27 CEST" name="setup" finished-at="2023-07-03T10:46:35 CEST" duration-ms="8769" status="PASS">
          <reporter-output>
          </reporter-output>
        </test-method> <!-- setup -->
        <test-method signature="ShouldBeAbleToDeleteTodo()[pri:0, instance:com.qacart.todo.testcases.TodoTest@6239aba6]" started-at="2023-07-03T10:46:36 CEST" name="ShouldBeAbleToDeleteTodo" finished-at="2023-07-03T10:46:36 CEST" duration-ms="130" status="FAIL">
          <exception class="java.lang.RuntimeException">
            <message>
              <![CDATA[Environement is not supported]]>
            </message>
            <full-stacktrace>
              <![CDATA[java.lang.RuntimeException: Environement is not supported
at utils.ConfigUtils.<init>(ConfigUtils.java:21)
at utils.ConfigUtils.getInstance(ConfigUtils.java:31)
at pages.LoginPage.load(LoginPage.java:46)
at com.qacart.todo.testcases.TodoTest.ShouldBeAbleToDeleteTodo(TodoTest.java:41)
at java.base/jdk.internal.reflect.NativeMethodAccessorImpl.invoke0(Native Method)
at java.base/jdk.internal.reflect.NativeMethodAccessorImpl.invoke(NativeMethodAccessorImpl.java:64)
at java.base/jdk.internal.reflect.DelegatingMethodAccessorImpl.invoke(DelegatingMethodAccessorImpl.java:43)
at java.base/java.lang.reflect.Method.invoke(Method.java:564)
at org.testng.internal.invokers.MethodInvocationHelper.invokeMethod(MethodInvocationHelper.java:139)
at org.testng.internal.invokers.TestInvoker.invokeMethod(TestInvoker.java:677)
at org.testng.internal.invokers.TestInvoker.invokeTestMethod(TestInvoker.java:221)
at org.testng.internal.invokers.MethodRunner.runInSequence(MethodRunner.java:50)
at org.testng.internal.invokers.TestInvoker$MethodInvocationAgent.invoke(TestInvoker.java:969)
at org.testng.internal.invokers.TestInvoker.invokeTestMethods(TestInvoker.java:194)
at org.testng.internal.invokers.TestMethodWorker.invokeTestMethods(TestMethodWorker.java:148)
at org.testng.internal.invokers.TestMethodWorker.run(TestMethodWorker.java:128)
at java.base/java.util.ArrayList.forEach(ArrayList.java:1511)
at org.testng.TestRunner.privateRun(TestRunner.java:829)
at org.testng.TestRunner.run(TestRunner.java:602)
at org.testng.SuiteRunner.runTest(SuiteRunner.java:437)
at org.testng.SuiteRunner.runSequentially(SuiteRunner.java:431)
at org.testng.SuiteRunner.privateRun(SuiteRunner.java:391)
at org.testng.SuiteRunner.run(SuiteRunner.java:330)
at org.testng.SuiteRunnerWorker.runSuite(SuiteRunnerWorker.java:52)
at org.testng.SuiteRunnerWorker.run(SuiteRunnerWorker.java:95)
at org.testng.TestNG.runSuitesSequentially(TestNG.java:1256)
at org.testng.TestNG.runSuitesLocally(TestNG.java:1176)
at org.testng.TestNG.runSuites(TestNG.java:1099)
at org.testng.TestNG.run(TestNG.java:1067)
at org.testng.remote.AbstractRemoteTestNG.run(AbstractRemoteTestNG.java:115)
at org.testng.remote.RemoteTestNG.initAndRun(RemoteTestNG.java:251)
at org.testng.remote.RemoteTestNG.main(RemoteTestNG.java:77)
]]>
            </full-stacktrace>
          </exception> <!-- java.lang.RuntimeException -->
          <reporter-output>
          </reporter-output>
        </test-method> <!-- ShouldBeAbleToDeleteTodo -->
        <test-method is-config="true" signature="teardown()[pri:0, instance:com.qacart.todo.testcases.TodoTest@6239aba6]" started-at="2023-07-03T10:46:36 CEST" name="teardown" finished-at="2023-07-03T10:46:37 CEST" duration-ms="921" status="PASS">
          <reporter-output>
          </reporter-output>
        </test-method> <!-- teardown -->
      </class> <!-- com.qacart.todo.testcases.TodoTest -->
    </test> <!-- Default test -->
  </suite> <!-- Default suite -->
</testng-results>
